[Phase 1] 베이스라인 선정 — KB50 × 3 롤링 윈도우 (총 1,000 분석)
  BT@2024-06: 2016-06~2024-05 → 2024-06~2026-05
  BT@2023-06: 2015-06~2023-05 → 2023-06~2025-05
  BT@2022-06: 2014-06~2022-05 → 2022-06~2024-05
======================================================================
(1) 평균 지표
                     RMSE    WAPE
모델                               
RandomWalk     48386.5246  0.1133
SeasonalNaive  61689.1050  0.1406
AR             60982.5550  0.1399
BAR            60317.2398  0.1384
BAR-X          66828.5565  0.1546

(2) 우위 카운트
  RandomWalk     WAPE우위 266 | RMSE우위 256
  SeasonalNaive  WAPE우위 67 | RMSE우위 56
  AR             WAPE우위 411 | RMSE우위 437
  BAR            WAPE우위 195 | RMSE우위 190
  BAR-X          WAPE우위 61 | RMSE우위 61

(3) step거리우위 (총 24,000 step)
  RandomWalk     6572 step
  SeasonalNaive  4255 step
  AR             7510 step
  BAR            4126 step
  BAR-X          1537 step

★ B* = AR
